1602187319670	geckodriver	INFO	Listening on 127.0.0.1:49314
1602187322672	mozrunner::runner	INFO	Running command: "C:\\Program Files (x86)\\Mozilla Firefox\\firefox.exe" "--marionette" "-foreground" "-no-remote" "-profile" "C:\\Users\\lmrivas\\AppData\\Local\\Temp\\rust_mozprofilenqE8Cb"
1602187323706	addons.webextension.screenshots@mozilla.org	WARN	Loading extension 'screenshots@mozilla.org': Reading manifest: Invalid extension permission: mozillaAddons
1602187323707	addons.webextension.screenshots@mozilla.org	WARN	Loading extension 'screenshots@mozilla.org': Reading manifest: Invalid extension permission: telemetry
1602187323707	addons.webextension.screenshots@mozilla.org	WARN	Loading extension 'screenshots@mozilla.org': Reading manifest: Invalid extension permission: resource://pdf.js/
1602187323708	addons.webextension.screenshots@mozilla.org	WARN	Loading extension 'screenshots@mozilla.org': Reading manifest: Invalid extension permission: about:reader*
JavaScript error: undefined, line 14: Error: An unexpected error occurred
JavaScript error: moz-extension://57ecea56-f4b7-4e05-a182-6ca0bf21d3b8/lib/picture_in_picture_overrides.js, line 15: Error: Incorrect argument types for pictureInPictureParent.setOverrides.
JavaScript error: resource:///modules/sessionstore/SessionStore.jsm, line 1325: uncaught exception: 2147746065
1602187326872	Marionette	INFO	Listening on port 49322
1602187326916	Marionette	WARN	TLS certificate errors will be ignored for this session
1602187327069	Marionette	INFO	Stopped listening on port 49322
[Parent 13176, Gecko_IOThread] WARNING: pipe error: 109: file z:/task_1588188481/build/src/ipc/chromium/src/chrome/common/ipc_channel_win.cc, line 348
[Child 4732, Chrome_ChildThread] WARNING: pipe error: 109: file z:/task_1588188481/build/src/ipc/chromium/src/chrome/common/ipc_channel_win.cc, line 348
[Child 4732, Chr[Child 11188, Chrome_ChildThread] WARNING: pipe error: 109: file z:/task_1588188481/build/src/ipc/chromium/src/chrome/common/ipc_channel_win.cc, line 348
[Child 
###!!! [Child][MessageChannel::SendAndWait] Error: Channel error: cannot send/recv

1602355239709	geckodriver	INFO	Listening on 127.0.0.1:56804
1602355242718	mozrunner::runner	INFO	Running command: "C:\\Program Files (x86)\\Mozilla Firefox\\firefox.exe" "--marionette" "-foreground" "-no-remote" "-profile" "C:\\Users\\lmrivas\\AppData\\Local\\Temp\\rust_mozprofileNSZ10S"
1602355245446	addons.webextension.screenshots@mozilla.org	WARN	Loading extension 'screenshots@mozilla.org': Reading manifest: Invalid extension permission: mozillaAddons
1602355245446	addons.webextension.screenshots@mozilla.org	WARN	Loading extension 'screenshots@mozilla.org': Reading manifest: Invalid extension permission: telemetry
1602355245446	addons.webextension.screenshots@mozilla.org	WARN	Loading extension 'screenshots@mozilla.org': Reading manifest: Invalid extension permission: resource://pdf.js/
1602355245446	addons.webextension.screenshots@mozilla.org	WARN	Loading extension 'screenshots@mozilla.org': Reading manifest: Invalid extension permission: about:reader*
JavaScript error: undefined, line 14: Error: An unexpected error occurred
JavaScript error: moz-extension://c6c5902f-e28c-4dec-8ed4-c352db17075b/lib/picture_in_picture_overrides.js, line 15: Error: Incorrect argument types for pictureInPictureParent.setOverrides.
JavaScript error: resource:///modules/sessionstore/SessionStore.jsm, line 1325: uncaught exception: 2147746065
1602355250273	Marionette	INFO	Listening on port 56812
1602355250408	Marionette	WARN	TLS certificate errors will be ignored for this session
[Parent 7820, Gecko_IOThread] WARNING: pipe error: 109: file z:/task_1588188481/build/src/ipc/chromium/src/chrome/common/ipc_channel_win.cc, line 348
[Child 21776, Chrome_ChildThread] WARNING: pipe error: 109: file z:/task_1588188481/build/src/ipc/chromium/src/chrome/common/ipc_channel_win.cc, line 348
[Child 13[Chi344, Chrome_ChildThread] WARNING: pipe error: 109: file z:/task_1588188481/build/src/ipc/chromium/src/chrome/common/ipc_channel_win.cc, line 348
[Child 13344, Chrome_ChildThread] WARNING: pipe error[Child 17876, Chrome_ChildThread] WARNING: pipe error: 109: file z:/task_1588188481/build/src/ipc/chromium/src/chrome/common/ipc_channel_win.cc, line 348
[Parent 7820, Gecko_IOThread] WARNING: pipe error: 109: file z:/task_1588188481/build/src/ipc/chromium/src/chrome/common/ipc_channel_win.cc, line 348
[Child 17504, Chrome_ChildThread] WARNING: pipe error: 109: file z:/task_1588188481/build/src/ipc/chromium/src/chrome/common/ipc_channel_win.cc, line 348
[Child 1602355253000	Marionette	INFO	Stopped listening on port 56812
[GPU 17280, Chrome_ChildThrea
###!!! [Child][RunMessage] Error: Channel closing: too late to send/recv, messages will be lost

d] WARNING: pipe error: 109: file z:/t